<?xml version="1.0" encoding="UTF-8"?>
<!-- Generated by org.testng.reporters.JUnitReportReporter -->
<testsuite hostname="LAPTOP-4567RR60" failures="0" tests="1" name="com.qa.api.gorest.tests.GetSingleUserwithDeserialization" time="4.316" errors="0" timestamp="2025-05-26T12:18:59 IST" skipped="0">
  <testcase classname="com.qa.api.gorest.tests.GetSingleUserwithDeserialization" name="createAUserTest" time="4.316"/>
</testsuite> <!-- com.qa.api.gorest.tests.GetSingleUserwithDeserialization -->
