<?xml version="1.0" encoding="UTF-8"?>
<!-- Generated by org.testng.reporters.JUnitReportReporter -->
<testsuite hostname="LAPTOP-4567RR60" failures="0" tests="1" name="ReqresTest.ReqResTest" time="1.667" errors="0" timestamp="2025-05-25T18:11:51 IST" skipped="0">
  <testcase classname="ReqresTest.ReqResTest" name="getUserTest" time="1.667"/>
</testsuite> <!-- ReqresTest.ReqResTest -->
