<?xml version="1.0" encoding="UTF-8"?>
<!-- Generated by org.testng.reporters.JUnitReportReporter -->
<testsuite hostname="LAPTOP-4567RR60" failures="0" tests="3" name="com.qa.api.gorest.tests.getUserTest" time="8.083" errors="0" timestamp="2025-06-15T11:26:37 IST" skipped="1">
  <testcase classname="com.qa.api.gorest.tests.getUserTest" name="getAllUsersWithQueryParamTest" time="1.322"/>
  <testcase classname="com.qa.api.gorest.tests.getUserTest" name="getAllUsersTest" time="6.761"/>
  <testcase classname="com.qa.api.gorest.tests.getUserTest" name="getSingleUserTest">
    <skipped/>
  </testcase> <!-- getSingleUserTest -->
</testsuite> <!-- com.qa.api.gorest.tests.getUserTest -->
