<?xml version="1.0" encoding="UTF-8"?>
<!-- Generated by org.testng.reporters.JUnitReportReporter -->
<testsuite hostname="LAPTOP-4567RR60" failures="0" tests="1" name="com.qa.api.contacts.tests.ContactsApiTest" time="6.773" errors="0" timestamp="2025-05-25T17:46:56 IST" skipped="0">
  <testcase classname="com.qa.api.contacts.tests.ContactsApiTest" name="getAllContactsTest" time="6.773"/>
</testsuite> <!-- com.qa.api.contacts.tests.ContactsApiTest -->
