<?xml version="1.0" encoding="UTF-8"?>
<!-- Generated by org.testng.reporters.JUnitReportReporter -->
<testsuite hostname="LAPTOP-4567RR60" failures="0" tests="1" name="com.qa.api.gorest.tests.DeleteUserTest" time="4.880" errors="0" timestamp="2025-06-15T11:26:37 IST" skipped="0">
  <testcase classname="com.qa.api.gorest.tests.DeleteUserTest" name="deleteUserTest" time="4.880"/>
</testsuite> <!-- com.qa.api.gorest.tests.DeleteUserTest -->
